#
# There is insufficient memory for the Java Runtime Environment to continue.
# Native memory allocation (malloc) failed to allocate 143654912 bytes for committing reserved memory.
# Possible reasons:
#   The system is out of physical RAM or swap space
#   In 32 bit mode, the process size limit was hit
# Possible solutions:
#   Reduce memory load on the system
#   Increase physical memory or swap space
#   Check if swap backing store is full
#   Use 64 bit Java on a 64 bit OS
#   Decrease Java heap size (-Xmx/-Xms)
#   Decrease number of Java threads
#   Decrease Java thread stack sizes (-Xss)
#   Set larger code cache with -XX:ReservedCodeCacheSize=
# This output file may be truncated or incomplete.
#
#  Out of Memory Error (os_linux.cpp:2809), pid=9779, tid=139674902939392
#
# JRE version: OpenJDK Runtime Environment (7.0_79-b14) (build 1.7.0_79-b14)
# Java VM: OpenJDK 64-Bit Server VM (24.79-b02 mixed mode linux-amd64 compressed oops)
# Derivative: IcedTea 2.5.5
# Distribution: Ubuntu 14.10, package 7u79-2.5.5-0ubuntu0.14.10.2
# Failed to write core dump. Core dumps have been disabled. To enable core dumping, try "ulimit -c unlimited" before starting Java again
#

---------------  T H R E A D  ---------------

Current thread (0x00007f08a4076000):  VMThread [stack: 0x00007f0898e94000,0x00007f0898f95000] [id=9788]

Stack: [0x00007f0898e94000,0x00007f0898f95000],  sp=0x00007f0898f934a0,  free space=1021k
Native frames: (J=compiled Java code, j=interpreted, Vv=VM code, C=native code)
V  [libjvm.so+0x982c56]  VMError::report_and_die()+0x186
V  [libjvm.so+0x48fb12]  report_vm_out_of_memory(char const*, int, unsigned long, char const*)+0x92
V  [libjvm.so+0x7f4c2b]  os::pd_commit_memory(char*, unsigned long, unsigned long, bool)+0xeb
V  [libjvm.so+0x7ef31e]  os::commit_memory(char*, unsigned long, unsigned long, bool)+0x2e
V  [libjvm.so+0x86215b]  PSVirtualSpace::expand_by(unsigned long)+0x5b
V  [libjvm.so+0x863013]  PSYoungGen::resize_generation(unsigned long, unsigned long)+0xd3
V  [libjvm.so+0x86372b]  PSYoungGen::resize(unsigned long, unsigned long)+0x1b
V  [libjvm.so+0x85f129]  PSScavenge::invoke_no_policy()+0xdc9
V  [libjvm.so+0x85f908]  PSScavenge::invoke()+0x38
V  [libjvm.so+0x817263]  ParallelScavengeHeap::failed_mem_allocate(unsigned long)+0x63
V  [libjvm.so+0x984522]  VM_ParallelGCFailedAllocation::doit()+0x92
V  [libjvm.so+0x988db7]  VM_Operation::evaluate()+0x47
V  [libjvm.so+0x98739b]  VMThread::evaluate_operation(VM_Operation*)+0xab
V  [libjvm.so+0x987a46]  VMThread::loop()+0x1e6
V  [libjvm.so+0x987f11]  VMThread::run()+0x81
V  [libjvm.so+0x7f1912]  java_start(Thread*)+0xf2

VM_Operation (0x00007f0871d7a4a0): ParallelGCFailedAllocation, mode: safepoint, requested by thread 0x00007f0864008800


---------------  P R O C E S S  ---------------

Java Threads: ( => current thread )
  0x00007f085051c800 JavaThread "File lock request listener" [_thread_in_native, id=9840, stack(0x00007f0871a18000,0x00007f0871b19000)]
  0x00007f08502c3000 JavaThread "process reaper" daemon [_thread_blocked, id=9839, stack(0x00007f08723c0000,0x00007f08723f9000)]
  0x00007f0850014800 JavaThread "Stdin handler" [_thread_blocked, id=9817, stack(0x00007f0871b84000,0x00007f0871c85000)]
  0x00007f0864008800 JavaThread "Daemon worker" [_thread_blocked, id=9814, stack(0x00007f0871c85000,0x00007f0871d86000)]
  0x00007f0864008000 JavaThread "Cancel handler" [_thread_blocked, id=9813, stack(0x00007f0871d86000,0x00007f0871e87000)]
  0x00007f0864005800 JavaThread "Handler for socket connection from /127.0.0.1:54319 to /127.0.0.1:33508" [_thread_in_native, id=9812, stack(0x00007f0871e87000,0x00007f0871f88000)]
  0x00007f0860029800 JavaThread "Daemon" [_thread_blocked, id=9811, stack(0x00007f0871f88000,0x00007f0872089000)]
  0x00007f08a49bc000 JavaThread "Incoming local TCP Connector on port 54319" [_thread_in_native, id=9810, stack(0x00007f0872089000,0x00007f087218a000)]
  0x00007f08a40af800 JavaThread "Service Thread" daemon [_thread_blocked, id=9807, stack(0x00007f089807b000,0x00007f089817c000)]
  0x00007f08a40ad800 JavaThread "C2 CompilerThread1" daemon [_thread_blocked, id=9806, stack(0x00007f089817c000,0x00007f089827d000)]
  0x00007f08a40aa800 JavaThread "C2 CompilerThread0" daemon [_thread_in_native, id=9805, stack(0x00007f089827d000,0x00007f089837e000)]
  0x00007f08a40a8000 JavaThread "Signal Dispatcher" daemon [_thread_blocked, id=9804, stack(0x00007f089837e000,0x00007f089847f000)]
  0x00007f08a407c800 JavaThread "Finalizer" daemon [_thread_blocked, id=9790, stack(0x00007f0898c92000,0x00007f0898d93000)]
  0x00007f08a407a000 JavaThread "Reference Handler" daemon [_thread_blocked, id=9789, stack(0x00007f0898d93000,0x00007f0898e94000)]
  0x00007f08a400a000 JavaThread "main" [_thread_blocked, id=9781, stack(0x00007f08ab940000,0x00007f08aba41000)]

Other Threads:
=>0x00007f08a4076000 VMThread [stack: 0x00007f0898e94000,0x00007f0898f95000] [id=9788]
  0x00007f08a40ba800 WatcherThread [stack: 0x00007f0873eff000,0x00007f0874000000] [id=9808]

VM state:at safepoint (normal execution)

VM Mutex/Monitor currently owned by a thread:  ([mutex/lock_event])
[0x00007f08a4006950] Threads_lock - owner thread: 0x00007f08a4076000
[0x00007f08a4006e50] Heap_lock - owner thread: 0x00007f0864008800

Heap
 PSYoungGen      total 137216K, used 10745K [0x00000000eaa80000, 0x00000000f3b80000, 0x0000000100000000)
  eden space 126464K, 0% used [0x00000000eaa80000,0x00000000eaa80000,0x00000000f2600000)
  from space 10752K, 99% used [0x00000000f2600000,0x00000000f307e590,0x00000000f3080000)
  to   space 10240K, 0% used [0x00000000f3080000,0x00000000f3080000,0x00000000f3a80000)
 ParOldGen       total 39936K, used 28753K [0x00000000c0000000, 0x00000000c2700000, 0x00000000eaa80000)
  object space 39936K, 71% used [0x00000000c0000000,0x00000000c1c14480,0x00000000c2700000)
 PSPermGen       total 35840K, used 35436K [0x00000000b0000000, 0x00000000b2300000, 0x00000000c0000000)
  object space 35840K, 98% used [0x00000000b0000000,0x00000000b229b3f8,0x00000000b2300000)

Card table byte_map: [0x00007f08a82b9000,0x00007f08a853a000] byte_map_base: 0x00007f08a7d39000

Polling page: 0x00007f08aba5f000

Code Cache  [0x00007f08a1000000, 0x00007f08a1340000, 0x00007f08a4000000)
 total_blobs=1153 nmethods=558 adapters=549 free_code_cache=46031Kb largest_free_block=46952384

Compilation events (10 events):
Event: 26.137 Thread 0x00007f08a40aa800 nmethod 597 0x00007f08a12e1290 code [0x00007f08a12e13c0, 0x00007f08a12e1458]
Event: 26.137 Thread 0x00007f08a40aa800  598             java.util.ArrayList$Itr::<init> (26 bytes)
Event: 26.137 Thread 0x00007f08a40aa800 nmethod 598 0x00007f08a12e0f90 code [0x00007f08a12e10c0, 0x00007f08a12e1158]
Event: 26.137 Thread 0x00007f08a40aa800  599             org.codehaus.groovy.reflection.CachedClass$CachedMethodComparatorByName::compare (18 bytes)
Event: 26.138 Thread 0x00007f08a40aa800 nmethod 599 0x00007f08a12e6c10 code [0x00007f08a12e6d80, 0x00007f08a12e6f78]
Event: 26.138 Thread 0x00007f08a40aa800  600             java.util.ComparableTimSort::binarySort (223 bytes)
Event: 26.149 Thread 0x00007f08a40aa800 nmethod 600 0x00007f08a11fd250 code [0x00007f08a11fd3e0, 0x00007f08a11fdba8]
Event: 26.149 Thread 0x00007f08a40aa800  601             java.util.TimSort::binarySort (223 bytes)
Event: 26.154 Thread 0x00007f08a40aa800 nmethod 601 0x00007f08a12e6310 code [0x00007f08a12e6480, 0x00007f08a12e6958]
Event: 26.154 Thread 0x00007f08a40aa800  602             com.sun.beans.TypeResolver::resolve (37 bytes)

GC Heap History (10 events):
Event: 3.408 GC heap after
Heap after GC invocations=2 (full 0):
 PSYoungGen      total 33792K, used 2016K [0x00000000eaa80000, 0x00000000ecd80000, 0x0000000100000000)
  eden space 31744K, 0% used [0x00000000eaa80000,0x00000000eaa80000,0x00000000ec980000)
  from space 2048K, 98% used [0x00000000ecb80000,0x00000000ecd78020,0x00000000ecd80000)
  to   space 2048K, 0% used [0x00000000ec980000,0x00000000ec980000,0x00000000ecb80000)
 ParOldGen       total 39936K, used 1870K [0x00000000c0000000, 0x00000000c2700000, 0x00000000eaa80000)
  object space 39936K, 4% used [0x00000000c0000000,0x00000000c01d3928,0x00000000c2700000)
 PSPermGen       total 21504K, used 7938K [0x00000000b0000000, 0x00000000b1500000, 0x00000000c0000000)
  object space 21504K, 36% used [0x00000000b0000000,0x00000000b07c08b8,0x00000000b1500000)
}
Event: 10.904 GC heap before
{Heap before GC invocations=3 (full 0):
 PSYoungGen      total 33792K, used 33760K [0x00000000eaa80000, 0x00000000ecd80000, 0x0000000100000000)
  eden space 31744K, 100% used [0x00000000eaa80000,0x00000000ec980000,0x00000000ec980000)
  from space 2048K, 98% used [0x00000000ecb80000,0x00000000ecd78020,0x00000000ecd80000)
  to   space 2048K, 0% used [0x00000000ec980000,0x00000000ec980000,0x00000000ecb80000)
 ParOldGen       total 39936K, used 1870K [0x00000000c0000000, 0x00000000c2700000, 0x00000000eaa80000)
  object space 39936K, 4% used [0x00000000c0000000,0x00000000c01d3928,0x00000000c2700000)
 PSPermGen       total 21504K, used 14962K [0x00000000b0000000, 0x00000000b1500000, 0x00000000c0000000)
  object space 21504K, 69% used [0x00000000b0000000,0x00000000b0e9ca78,0x00000000b1500000)
Event: 10.928 GC heap after
Heap after GC invocations=3 (full 0):
 PSYoungGen      total 33792K, used 2016K [0x00000000eaa80000, 0x00000000eec80000, 0x0000000100000000)
  eden space 31744K, 0% used [0x00000000eaa80000,0x00000000eaa80000,0x00000000ec980000)
  from space 2048K, 98% used [0x00000000ec980000,0x00000000ecb78020,0x00000000ecb80000)
  to   space 2048K, 0% used [0x00000000eea80000,0x00000000eea80000,0x00000000eec80000)
 ParOldGen       total 39936K, used 6895K [0x00000000c0000000, 0x00000000c2700000, 0x00000000eaa80000)
  object space 39936K, 17% used [0x00000000c0000000,0x00000000c06bbee0,0x00000000c2700000)
 PSPermGen       total 21504K, used 14962K [0x00000000b0000000, 0x00000000b1500000, 0x00000000c0000000)
  object space 21504K, 69% used [0x00000000b0000000,0x00000000b0e9ca78,0x00000000b1500000)
}
Event: 12.076 GC heap before
{Heap before GC invocations=4 (full 0):
 PSYoungGen      total 33792K, used 33760K [0x00000000eaa80000, 0x00000000eec80000, 0x0000000100000000)
  eden space 31744K, 100% used [0x00000000eaa80000,0x00000000ec980000,0x00000000ec980000)
  from space 2048K, 98% used [0x00000000ec980000,0x00000000ecb78020,0x00000000ecb80000)
  to   space 2048K, 0% used [0x00000000eea80000,0x00000000eea80000,0x00000000eec80000)
 ParOldGen       total 39936K, used 6895K [0x00000000c0000000, 0x00000000c2700000, 0x00000000eaa80000)
  object space 39936K, 17% used [0x00000000c0000000,0x00000000c06bbee0,0x00000000c2700000)
 PSPermGen       total 21504K, used 18212K [0x00000000b0000000, 0x00000000b1500000, 0x00000000c0000000)
  object space 21504K, 84% used [0x00000000b0000000,0x00000000b11c93f0,0x00000000b1500000)
Event: 12.091 GC heap after
Heap after GC invocations=4 (full 0):
 PSYoungGen      total 65536K, used 2032K [0x00000000eaa80000, 0x00000000eec80000, 0x0000000100000000)
  eden space 63488K, 0% used [0x00000000eaa80000,0x00000000eaa80000,0x00000000ee880000)
  from space 2048K, 99% used [0x00000000eea80000,0x00000000eec7c030,0x00000000eec80000)
  to   space 2048K, 0% used [0x00000000ee880000,0x00000000ee880000,0x00000000eea80000)
 ParOldGen       total 39936K, used 10425K [0x00000000c0000000, 0x00000000c2700000, 0x00000000eaa80000)
  object space 39936K, 26% used [0x00000000c0000000,0x00000000c0a2e7a8,0x00000000c2700000)
 PSPermGen       total 21504K, used 18212K [0x00000000b0000000, 0x00000000b1500000, 0x00000000c0000000)
  object space 21504K, 84% used [0x00000000b0000000,0x00000000b11c93f0,0x00000000b1500000)
}
Event: 16.089 GC heap before
{Heap before GC invocations=5 (full 0):
 PSYoungGen      total 65536K, used 65520K [0x00000000eaa80000, 0x00000000eec80000, 0x0000000100000000)
  eden space 63488K, 100% used [0x00000000eaa80000,0x00000000ee880000,0x00000000ee880000)
  from space 2048K, 99% used [0x00000000eea80000,0x00000000eec7c030,0x00000000eec80000)
  to   space 2048K, 0% used [0x00000000ee880000,0x00000000ee880000,0x00000000eea80000)
 ParOldGen       total 39936K, used 10425K [0x00000000c0000000, 0x00000000c2700000, 0x00000000eaa80000)
  object space 39936K, 26% used [0x00000000c0000000,0x00000000c0a2e7a8,0x00000000c2700000)
 PSPermGen       total 23040K, used 22898K [0x00000000b0000000, 0x00000000b1680000, 0x00000000c0000000)
  object space 23040K, 99% used [0x00000000b0000000,0x00000000b165cb78,0x00000000b1680000)
Event: 16.113 GC heap after
Heap after GC invocations=5 (full 0):
 PSYoungGen      total 65536K, used 2016K [0x00000000eaa80000, 0x00000000f3a80000, 0x0000000100000000)
  eden space 63488K, 0% used [0x00000000eaa80000,0x00000000eaa80000,0x00000000ee880000)
  from space 2048K, 98% used [0x00000000ee880000,0x00000000eea78020,0x00000000eea80000)
  to   space 10240K, 0% used [0x00000000f3080000,0x00000000f3080000,0x00000000f3a80000)
 ParOldGen       total 39936K, used 17790K [0x00000000c0000000, 0x00000000c2700000, 0x00000000eaa80000)
  object space 39936K, 44% used [0x00000000c0000000,0x00000000c115f8c8,0x00000000c2700000)
 PSPermGen       total 23040K, used 22898K [0x00000000b0000000, 0x00000000b1680000, 0x00000000c0000000)
  object space 23040K, 99% used [0x00000000b0000000,0x00000000b165cb78,0x00000000b1680000)
}
Event: 19.624 GC heap before
{Heap before GC invocations=6 (full 0):
 PSYoungGen      total 65536K, used 65504K [0x00000000eaa80000, 0x00000000f3a80000, 0x0000000100000000)
  eden space 63488K, 100% used [0x00000000eaa80000,0x00000000ee880000,0x00000000ee880000)
  from space 2048K, 98% used [0x00000000ee880000,0x00000000eea78020,0x00000000eea80000)
  to   space 10240K, 0% used [0x00000000f3080000,0x00000000f3080000,0x00000000f3a80000)
 ParOldGen       total 39936K, used 17790K [0x00000000c0000000, 0x00000000c2700000, 0x00000000eaa80000)
  object space 39936K, 44% used [0x00000000c0000000,0x00000000c115f8c8,0x00000000c2700000)
 PSPermGen       total 28160K, used 27823K [0x00000000b0000000, 0x00000000b1b80000, 0x00000000c0000000)
  object space 28160K, 98% used [0x00000000b0000000,0x00000000b1b2bfe0,0x00000000b1b80000)
Event: 19.666 GC heap after
Heap after GC invocations=6 (full 0):
 PSYoungGen      total 136704K, used 7799K [0x00000000eaa80000, 0x00000000f3b80000, 0x0000000100000000)
  eden space 126464K, 0% used [0x00000000eaa80000,0x00000000eaa80000,0x00000000f2600000)
  from space 10240K, 76% used [0x00000000f3080000,0x00000000f381df48,0x00000000f3a80000)
  to   space 10752K, 0% used [0x00000000f2600000,0x00000000f2600000,0x00000000f3080000)
 ParOldGen       total 39936K, used 17862K [0x00000000c0000000, 0x00000000c2700000, 0x00000000eaa80000)
  object space 39936K, 44% used [0x00000000c0000000,0x00000000c11718d8,0x00000000c2700000)
 PSPermGen       total 28160K, used 27823K [0x00000000b0000000, 0x00000000b1b80000, 0x00000000c0000000)
  object space 28160K, 98% used [0x00000000b0000000,0x00000000b1b2bfe0,0x00000000b1b80000)
}
Event: 26.236 GC heap before
{Heap before GC invocations=7 (full 0):
 PSYoungGen      total 136704K, used 134263K [0x00000000eaa80000, 0x00000000f3b80000, 0x0000000100000000)
  eden space 126464K, 100% used [0x00000000eaa80000,0x00000000f2600000,0x00000000f2600000)
  from space 10240K, 76% used [0x00000000f3080000,0x00000000f381df48,0x00000000f3a80000)
  to   space 10752K, 0% used [0x00000000f2600000,0x00000000f2600000,0x00000000f3080000)
 ParOldGen       total 39936K, used 17862K [0x00000000c0000000, 0x00000000c2700000, 0x00000000eaa80000)
  object space 39936K, 44% used [0x00000000c0000000,0x00000000c11718d8,0x00000000c2700000)
 PSPermGen       total 35840K, used 35436K [0x00000000b0000000, 0x00000000b2300000, 0x00000000c0000000)
  object space 35840K, 98% used [0x00000000b0000000,0x00000000b229b3f8,0x00000000b2300000)

Deoptimization events (10 events):
Event: 24.269 Thread 0x00007f0864008800 Uncommon trap: reason=bimorphic action=maybe_recompile pc=0x00007f08a12b9a3c method=org.codehaus.groovy.util.SingleKeyHashMap.get(Ljava/lang/Object;)Ljava/lang/Object; @ 43
Event: 24.281 Thread 0x00007f0864008800 Uncommon trap: reason=null_check action=make_not_entrant pc=0x00007f08a12f36d8 method=com.sun.beans.WeakCache.get(Ljava/lang/Object;)Ljava/lang/Object; @ 10
Event: 24.317 Thread 0x00007f0864008800 Uncommon trap: reason=bimorphic action=maybe_recompile pc=0x00007f08a12b9a3c method=org.codehaus.groovy.util.SingleKeyHashMap.get(Ljava/lang/Object;)Ljava/lang/Object; @ 43
Event: 25.200 Thread 0x00007f0864008800 Uncommon trap: reason=null_check action=make_not_entrant pc=0x00007f08a13194e8 method=java.beans.PropertyDescriptor.setReadMethod(Ljava/lang/reflect/Method;)V @ 60
Event: 25.218 Thread 0x00007f0864008800 Uncommon trap: reason=array_check action=maybe_recompile pc=0x00007f08a12e9998 method=java.util.ComparableTimSort.binarySort([Ljava/lang/Object;III)V @ 215
Event: 25.261 Thread 0x00007f0864008800 Uncommon trap: reason=array_check action=maybe_recompile pc=0x00007f08a11dcccc method=java.util.ComparableTimSort.binarySort([Ljava/lang/Object;III)V @ 183
Event: 25.262 Thread 0x00007f0864008800 Uncommon trap: reason=array_check action=maybe_recompile pc=0x00007f08a11dcccc method=java.util.ComparableTimSort.binarySort([Ljava/lang/Object;III)V @ 183
Event: 25.271 Thread 0x00007f0864008800 Uncommon trap: reason=array_check action=maybe_recompile pc=0x00007f08a11dcc24 method=java.util.ComparableTimSort.binarySort([Ljava/lang/Object;III)V @ 193
Event: 25.330 Thread 0x00007f0864008800 Uncommon trap: reason=array_check action=maybe_recompile pc=0x00007f08a11dcc24 method=java.util.ComparableTimSort.binarySort([Ljava/lang/Object;III)V @ 193
Event: 25.507 Thread 0x00007f0864008800 Uncommon trap: reason=array_check action=maybe_recompile pc=0x00007f08a12e9a84 method=java.util.ComparableTimSort.binarySort([Ljava/lang/Object;III)V @ 183

Internal exceptions (10 events):
Event: 26.185 Thread 0x00007f0864008800 Threw 0x00000000f24ecb98 at /build/buildd/openjdk-7-7u79-2.5.5/build/openjdk/hotspot/src/share/vm/prims/jvm.cpp:1284
Event: 26.185 Thread 0x00007f0864008800 Threw 0x00000000f24edfa8 at /build/buildd/openjdk-7-7u79-2.5.5/build/openjdk/hotspot/src/share/vm/prims/jvm.cpp:1284
Event: 26.222 Thread 0x00007f0864008800 Threw 0x00000000f2586d58 at /build/buildd/openjdk-7-7u79-2.5.5/build/openjdk/hotspot/src/share/vm/prims/jvm.cpp:1284
Event: 26.222 Thread 0x00007f0864008800 Threw 0x00000000f2587de8 at /build/buildd/openjdk-7-7u79-2.5.5/build/openjdk/hotspot/src/share/vm/prims/jvm.cpp:1284
Event: 26.224 Thread 0x00007f0864008800 Threw 0x00000000f2590c28 at /build/buildd/openjdk-7-7u79-2.5.5/build/openjdk/hotspot/src/share/vm/prims/jvm.cpp:1284
Event: 26.224 Thread 0x00007f0864008800 Threw 0x00000000f2591da0 at /build/buildd/openjdk-7-7u79-2.5.5/build/openjdk/hotspot/src/share/vm/prims/jvm.cpp:1284
Event: 26.226 Thread 0x00007f0864008800 Threw 0x00000000f259b428 at /build/buildd/openjdk-7-7u79-2.5.5/build/openjdk/hotspot/src/share/vm/prims/jvm.cpp:1284
Event: 26.226 Thread 0x00007f0864008800 Threw 0x00000000f259c938 at /build/buildd/openjdk-7-7u79-2.5.5/build/openjdk/hotspot/src/share/vm/prims/jvm.cpp:1284
Event: 26.226 Thread 0x00007f0864008800 Threw 0x00000000f25a51b0 at /build/buildd/openjdk-7-7u79-2.5.5/build/openjdk/hotspot/src/share/vm/prims/jvm.cpp:1284
Event: 26.236 Thread 0x00007f0864008800 Threw 0x00000000f25fe788 at /build/buildd/openjdk-7-7u79-2.5.5/build/openjdk/hotspot/src/share/vm/prims/jvm.cpp:1284

Events (10 events):
Event: 26.185 loading class 0x00007f08508febf0 done
Event: 26.222 loading class 0x00007f08507633d0
Event: 26.222 loading class 0x00007f08507633d0 done
Event: 26.224 loading class 0x00007f085098e7d0
Event: 26.224 loading class 0x00007f085098e7d0 done
Event: 26.226 loading class 0x00007f08508fdeb0
Event: 26.226 loading class 0x00007f08508fdeb0 done
Event: 26.236 loading class 0x00007f08509ee4f0
Event: 26.236 loading class 0x00007f08509ee4f0 done
Event: 26.236 Executing VM operation: ParallelGCFailedAllocation


Dynamic libraries:
00400000-00401000 r-xp 00000000 08:07 1845359                            /usr/lib/jvm/java-7-openjdk-amd64/jre/bin/java
00600000-00601000 r--p 00000000 08:07 1845359                            /usr/lib/jvm/java-7-openjdk-amd64/jre/bin/java
00601000-00602000 rw-p 00001000 08:07 1845359                            /usr/lib/jvm/java-7-openjdk-amd64/jre/bin/java
0145b000-0147c000 rw-p 00000000 00:00 0                                  [heap]
b0000000-b2300000 rw-p 00000000 00:00 0 
b2300000-c0000000 rw-p 00000000 00:00 0 
c0000000-c2700000 rw-p 00000000 00:00 0 
c2700000-eaa80000 rw-p 00000000 00:00 0 
eaa80000-f3b80000 rw-p 00000000 00:00 0 
fc480000-100000000 rw-p 00000000 00:00 0 
7f0848000000-7f0848021000 rw-p 00000000 00:00 0 
7f0848021000-7f084c000000 ---p 00000000 00:00 0 
7f084c000000-7f084c021000 rw-p 00000000 00:00 0 
7f084c021000-7f0850000000 ---p 00000000 00:00 0 
7f0850000000-7f0850a9b000 rw-p 00000000 00:00 0 
7f0850a9b000-7f0854000000 ---p 00000000 00:00 0 
7f0854000000-7f0854021000 rw-p 00000000 00:00 0 
7f0854021000-7f0858000000 ---p 00000000 00:00 0 
7f0858000000-7f0858021000 rw-p 00000000 00:00 0 
7f0858021000-7f085c000000 ---p 00000000 00:00 0 
7f085c000000-7f085c021000 rw-p 00000000 00:00 0 
7f085c021000-7f0860000000 ---p 00000000 00:00 0 
7f0860000000-7f086002e000 rw-p 00000000 00:00 0 
7f086002e000-7f0864000000 ---p 00000000 00:00 0 
7f0864000000-7f0864021000 rw-p 00000000 00:00 0 
7f0864021000-7f0868000000 ---p 00000000 00:00 0 
7f0868000000-7f0868021000 rw-p 00000000 00:00 0 
7f0868021000-7f086c000000 ---p 00000000 00:00 0 
7f086c000000-7f086c021000 rw-p 00000000 00:00 0 
7f086c021000-7f0870000000 ---p 00000000 00:00 0 
7f0871934000-7f0871935000 rw-p 00000000 00:00 0 
7f0871935000-7f0871937000 r--s 0000d000 08:07 262761                     /opt/android-studio/gradle/m2repository/commons-codec/commons-codec/1.4/commons-codec-1.4.jar
7f0871937000-7f0871939000 r--s 0000d000 08:07 262420                     /opt/android-studio/gradle/m2repository/commons-logging/commons-logging/1.1.1/commons-logging-1.1.1.jar
7f0871939000-7f087193e000 r--s 00028000 08:07 262459                     /opt/android-studio/gradle/m2repository/org/apache/httpcomponents/httpcore/4.1/httpcore-4.1.jar
7f087193e000-7f0871946000 r--s 000a8000 08:07 262613                     /opt/android-studio/gradle/m2repository/com/android/tools/external/lombok/lombok-ast/0.2.3/lombok-ast-0.2.3.jar
7f0871946000-7f0871947000 r--s 0000a000 08:07 262757                     /opt/android-studio/gradle/m2repository/net/sf/kxml/kxml2/2.3.0/kxml2-2.3.0.jar
7f0871947000-7f0871948000 r--s 00005000 08:07 524316                     /opt/android-studio/gradle/m2repository/com/android/tools/dvlib/24.2.3/dvlib-24.2.3.jar
7f0871948000-7f087194f000 r--s 00053000 08:07 262476                     /opt/android-studio/gradle/m2repository/org/apache/commons/commons-compress/1.8.1/commons-compress-1.8.1.jar
7f087194f000-7f0871951000 r--s 00005000 08:07 262452                     /opt/android-studio/gradle/m2repository/org/apache/httpcomponents/httpmime/4.1/httpmime-4.1.jar
7f0871951000-7f0871959000 r--s 0004e000 08:07 262468                     /opt/android-studio/gradle/m2repository/org/apache/httpcomponents/httpclient/4.1.1/httpclient-4.1.1.jar
7f0871959000-7f087195c000 r--s 00012000 08:07 524308                     /opt/android-studio/gradle/m2repository/com/android/tools/layoutlib/layoutlib-api/24.2.3/layoutlib-api-24.2.3.jar
7f087195c000-7f087195d000 r--s 00001000 08:07 524304                     /opt/android-studio/gradle/m2repository/com/android/tools/annotations/24.2.3/annotations-24.2.3.jar
7f087195d000-7f0871988000 r--s 001f9000 08:07 262574                     /opt/android-studio/gradle/m2repository/com/google/guava/guava/17.0/guava-17.0.jar
7f0871988000-7f0871989000 r--s 00004000 08:07 262517                     /opt/android-studio/gradle/m2repository/org/ow2/asm/asm-analysis/5.0.3/asm-analysis-5.0.3.jar
7f0871989000-7f087198c000 r--s 0002b000 08:07 524301                     /opt/android-studio/gradle/m2repository/com/android/tools/lint/lint-api/24.2.3/lint-api-24.2.3.jar
7f087198c000-7f087199a000 r--s 00081000 08:07 262494                     /opt/android-studio/gradle/m2repository/org/bouncycastle/bcpkix-jdk15on/1.48/bcpkix-jdk15on-1.48.jar
7f087199a000-7f087199f000 r--s 0002a000 08:07 262567                     /opt/android-studio/gradle/m2repository/com/google/code/gson/gson/2.2.4/gson-2.2.4.jar
7f087199f000-7f08719a0000 r--s 0000c000 08:07 262529                     /opt/android-studio/gradle/m2repository/org/ow2/asm/asm/5.0.3/asm-5.0.3.jar
7f08719a0000-7f08719a5000 r--s 00042000 08:07 524324                     /opt/android-studio/gradle/m2repository/com/android/tools/ddms/ddmlib/24.2.3/ddmlib-24.2.3.jar
7f08719a5000-7f08719a9000 r--s 00029000 08:07 524348                     /opt/android-studio/gradle/m2repository/com/android/tools/build/manifest-merger/24.2.3/manifest-merger-24.2.3.jar
7f08719a9000-7f08719b3000 r--s 000a9000 08:07 524351                     /opt/android-studio/gradle/m2repository/com/android/tools/sdklib/24.2.3/sdklib-24.2.3.jar
7f08719b3000-7f08719b5000 r--s 00004000 08:07 524331                     /opt/android-studio/gradle/m2repository/com/android/tools/build/builder-model/1.2.3/builder-model-1.2.3.jar
7f08719b5000-7f08719b7000 r--s 00012000 08:07 524320                     /opt/android-studio/gradle/m2repository/com/android/tools/common/24.2.3/common-24.2.3.jar
7f08719b7000-7f08719bd000 r--s 0005f000 08:07 524313                     /opt/android-studio/gradle/m2repository/com/android/tools/sdk-common/24.2.3/sdk-common-24.2.3.jar
7f08719bd000-7f08719f0000 r--s 00203000 08:07 262500                     /opt/android-studio/gradle/m2repository/org/bouncycastle/bcprov-jdk15on/1.48/bcprov-jdk15on-1.48.jar
7f08719f0000-7f08719f6000 r--s 00093000 08:07 524296                     /opt/android-studio/gradle/m2repository/com/android/tools/lint/lint-checks/24.2.3/lint-checks-24.2.3.jar
7f08719f6000-7f0871a08000 r--s 00220000 08:07 262436                     /opt/android-studio/gradle/m2repository/org/eclipse/jdt/core/compiler/ecj/4.4/ecj-4.4.jar
7f0871a08000-7f0871a18000 r--s 000d3000 08:07 262739                     /opt/android-studio/gradle/m2repository/net/sf/proguard/proguard-base/5.1/proguard-base-5.1.jar
7f0871a18000-7f0871a1b000 ---p 00000000 00:00 0 
7f0871a1b000-7f0871b19000 rw-p 00000000 00:00 0                          [stack:9840]
7f0871b19000-7f0871b84000 r--s 0069e000 08:07 1845637                    /usr/lib/jvm/java-7-openjdk-amd64/lib/tools.jar
7f0871b84000-7f0871b87000 ---p 00000000 00:00 0 
7f0871b87000-7f0871c85000 rw-p 00000000 00:00 0                          [stack:9817]
7f0871c85000-7f0871c88000 ---p 00000000 00:00 0 
7f0871c88000-7f0871d86000 rw-p 00000000 00:00 0                          [stack:9814]
7f0871d86000-7f0871d89000 ---p 00000000 00:00 0 
7f0871d89000-7f0871e87000 rw-p 00000000 00:00 0                          [stack:9813]
7f0871e87000-7f0871e8a000 ---p 00000000 00:00 0 
7f0871e8a000-7f0871f88000 rw-p 00000000 00:00 0                          [stack:9812]
7f0871f88000-7f0871f8b000 ---p 00000000 00:00 0 
7f0871f8b000-7f0872089000 rw-p 00000000 00:00 0                          [stack:9811]
7f0872089000-7f087208c000 ---p 00000000 00:00 0 
7f087208c000-7f087218a000 rw-p 00000000 00:00 0                          [stack:9810]
7f087218a000-7f087218e000 r-xp 00000000 08:07 4338671                    /tmp/native-platform2669406257995656792dir/libnative-platform.so
7f087218e000-7f087238d000 ---p 00004000 08:07 4338671                    /tmp/native-platform2669406257995656792dir/libnative-platform.so
7f087238d000-7f087238e000 rw-p 00003000 08:07 4338671                    /tmp/native-platform2669406257995656792dir/libnative-platform.so
7f087238e000-7f087238f000 r--s 00001000 08:07 262402                     /opt/android-studio/gradle/gradle-2.2.1/lib/plugins/gradle-plugin-development-2.2.1.jar
7f087238f000-7f0872394000 r--s 00036000 08:07 262391                     /opt/android-studio/gradle/gradle-2.2.1/lib/plugins/gradle-ide-native-2.2.1.jar
7f0872394000-7f0872396000 r--s 00002000 08:07 262556                     /opt/android-studio/gradle/m2repository/com/squareup/javawriter/2.5.0/javawriter-2.5.0.jar
7f0872396000-7f0872398000 r--s 00006000 08:07 262541                     /opt/android-studio/gradle/m2repository/org/ow2/asm/asm-tree/5.0.3/asm-tree-5.0.3.jar
7f0872398000-7f0872399000 r--s 00002000 08:07 524335                     /opt/android-studio/gradle/m2repository/com/android/tools/build/builder-test-api/1.2.3/builder-test-api-1.2.3.jar
7f0872399000-7f087239e000 r--s 00039000 08:07 524329                     /opt/android-studio/gradle/m2repository/com/android/tools/build/builder/1.2.3/builder-1.2.3.jar
7f087239e000-7f08723a0000 r--s 0001a000 08:07 524293                     /opt/android-studio/gradle/m2repository/com/android/tools/lint/lint/24.2.3/lint-24.2.3.jar
7f08723a0000-7f08723a1000 r--s 00002000 08:07 262744                     /opt/android-studio/gradle/m2repository/net/sf/proguard/proguard-gradle/5.1/proguard-gradle-5.1.jar
7f08723a1000-7f08723b4000 r--s 0015d000 08:07 524345                     /opt/android-studio/gradle/m2repository/com/android/tools/build/gradle-core/1.2.3/gradle-core-1.2.3.jar
7f08723b4000-7f08723b6000 r--s 0000c000 08:07 524340                     /opt/android-studio/gradle/m2repository/com/android/tools/build/gradle/1.2.3/gradle-1.2.3.jar
7f08723b6000-7f08723c0000 r--s 000ae000 08:07 1845419                    /usr/lib/jvm/java-7-openjdk-amd64/jre/lib/resources.jar
7f08723c0000-7f08723c3000 ---p 00000000 00:00 0 
7f08723c3000-7f08723f9000 rw-p 00000000 00:00 0                          [stack:9839]
7f08723f9000-7f08723fa000 r--p 00000000 00:00 0 
7f08723fa000-7f0872401000 r--s 00000000 08:07 1972436                    /usr/lib/x86_64-linux-gnu/gconv/gconv-modules.cache
7f0872401000-7f0872406000 r--s 0004d000 08:07 1845424                    /usr/lib/jvm/java-7-openjdk-amd64/jre/lib/jsse.jar
7f0872406000-7f0872409000 r--s 00018000 08:07 262359                     /opt/android-studio/gradle/gradle-2.2.1/lib/plugins/gradle-sonar-2.2.1.jar
7f0872409000-7f087240b000 r--s 00002000 08:07 262323                     /opt/android-studio/gradle/gradle-2.2.1/lib/plugins/gradle-cunit-2.2.1.jar
7f087240b000-7f0872410000 r--s 00013000 08:07 262361                     /opt/android-studio/gradle/gradle-2.2.1/lib/plugins/gradle-language-native-2.2.1.jar
7f0872410000-7f087241b000 r--s 0004d000 08:07 262374                     /opt/android-studio/gradle/gradle-2.2.1/lib/plugins/gradle-platform-native-2.2.1.jar
7f087241b000-7f087241d000 r--s 00008000 08:07 262345                     /opt/android-studio/gradle/gradle-2.2.1/lib/plugins/gradle-language-groovy-2.2.1.jar
7f087241d000-7f0872422000 r--s 00022000 08:07 262410                     /opt/android-studio/gradle/gradle-2.2.1/lib/plugins/gradle-language-java-2.2.1.jar
7f0872422000-7f0872425000 r--s 00007000 08:07 262379                     /opt/android-studio/gradle/gradle-2.2.1/lib/plugins/gradle-language-jvm-2.2.1.jar
7f0872425000-7f0872428000 r--s 00009000 08:07 262348                     /opt/android-studio/gradle/gradle-2.2.1/lib/plugins/gradle-platform-jvm-2.2.1.jar
7f0872428000-7f087242d000 r--s 00018000 08:07 262326                     /opt/android-studio/gradle/gradle-2.2.1/lib/plugins/gradle-platform-base-2.2.1.jar
7f087242d000-7f0872432000 r--s 00026000 08:07 262412                     /opt/android-studio/gradle/gradle-2.2.1/lib/plugins/gradle-build-init-2.2.1.jar
7f0872432000-7f0872435000 r--s 0001d000 08:07 262392                     /opt/android-studio/gradle/gradle-2.2.1/lib/plugins/gradle-jacoco-2.2.1.jar
7f0872435000-7f0872438000 r--s 0000d000 08:07 262384                     /opt/android-studio/gradle/gradle-2.2.1/lib/plugins/gradle-ivy-2.2.1.jar
7f0872438000-7f087243a000 r--s 00002000 08:07 262386                     /opt/android-studio/gradle/gradle-2.2.1/lib/plugins/gradle-publish-2.2.1.jar
7f087243a000-7f087243c000 r--s 00005000 08:07 262353                     /opt/android-studio/gradle/gradle-2.2.1/lib/plugins/jatl-0.2.2.jar
7f087243c000-7f087243e000 r--s 0000f000 08:07 262381                     /opt/android-studio/gradle/gradle-2.2.1/lib/plugins/gradle-reporting-2.2.1.jar
7f087243e000-7f0872443000 r--s 00034000 08:07 262388                     /opt/android-studio/gradle/gradle-2.2.1/lib/plugins/gradle-diagnostics-2.2.1.jar
7f0872443000-7f087244a000 r--s 00090000 08:07 262330                     /opt/android-studio/gradle/gradle-2.2.1/lib/plugins/gradle-build-comparison-2.2.1.jar
7f087244a000-7f0872451000 r--s 00035000 08:07 262369                     /opt/android-studio/gradle/gradle-2.2.1/lib/plugins/simple-4.1.21.jar
7f0872451000-7f087245d000 r--s 00100000 08:07 262400                     /opt/android-studio/gradle/gradle-2.2.1/lib/plugins/rhino-1.7R3.jar
7f087245d000-7f0872462000 r--s 0001f000 08:07 262387                     /opt/android-studio/gradle/gradle-2.2.1/lib/plugins/gradle-javascript-2.2.1.jar
7f0872462000-7f0872464000 r--s 0000e000 08:07 262385                     /opt/android-studio/gradle/gradle-2.2.1/lib/plugins/gradle-ear-2.2.1.jar
7f0872464000-7f0872468000 r--s 00025000 08:07 262322                     /opt/android-studio/gradle/gradle-2.2.1/lib/plugins/bcpg-jdk15-1.46.jar
7f0872468000-7f087246b000 r--s 0001d000 08:07 262333                     /opt/android-studio/gradle/gradle-2.2.1/lib/plugins/gradle-signing-2.2.1.jar
7f087246b000-7f087246c000 r--s 00002000 08:07 262315                     /opt/android-studio/gradle/gradle-2.2.1/lib/plugins/sonar-batch-bootstrapper-2.9.jar
7f087246c000-7f087246f000 r--s 00017000 08:07 262344                     /opt/android-studio/gradle/gradle-2.2.1/lib/plugins/gradle-scala-2.2.1.jar
7f087246f000-7f0872471000 r--s 0000e000 08:07 262350                     /opt/android-studio/gradle/gradle-2.2.1/lib/plugins/gradle-announce-2.2.1.jar
7f0872471000-7f087247f000 r--s 000bc000 08:07 262327                     /opt/android-studio/gradle/gradle-2.2.1/lib/plugins/gradle-ide-2.2.1.jar
7f087247f000-7f0872481000 r--s 00000000 08:07 262393                     /opt/android-studio/gradle/gradle-2.2.1/lib/plugins/plexus-component-annotations-1.5.2.jar
7f0872481000-7f0872484000 r--s 0000c000 08:07 262349                     /opt/android-studio/gradle/gradle-2.2.1/lib/plugins/pmaven-groovy-0.8-20100325.jar
7f0872484000-7f0872485000 r--s 00004000 08:07 262370                     /opt/android-studio/gradle/gradle-2.2.1/lib/plugins/pmaven-common-0.8-20100325.jar
7f0872485000-7f0872489000 r--s 0001e000 08:07 262367                     /opt/android-studio/gradle/gradle-2.2.1/lib/plugins/gradle-maven-2.2.1.jar
7f0872489000-7f08724a1000 r--s 0013b000 08:07 262404                     /opt/android-studio/gradle/gradle-2.2.1/lib/plugins/bndlib-2.1.0.jar
7f08724a1000-7f08724a3000 r--s 00004000 08:07 262337                     /opt/android-studio/gradle/gradle-2.2.1/lib/plugins/gradle-osgi-2.2.1.jar
7f08724a3000-7f08724a8000 r--s 00068000 08:07 262368                     /opt/android-studio/gradle/gradle-2.2.1/lib/plugins/antlr-2.7.7.jar
7f08724a8000-7f08724a9000 r--s 00002000 08:07 262399                     /opt/android-studio/gradle/gradle-2.2.1/lib/plugins/ant-antlr-1.9.3.jar
7f08724a9000-7f08724ab000 r--s 00004000 08:07 262390                     /opt/android-studio/gradle/gradle-2.2.1/lib/plugins/gradle-antlr-2.2.1.jar
7f08724ab000-7f08724ae000 r--s 0001e000 08:07 262363                     /opt/android-studio/gradle/gradle-2.2.1/lib/plugins/jsp-api-2.1-6.1.14.jar
7f08724ae000-7f08724d1000 r--s 00344000 08:07 262394                     /opt/android-studio/gradle/gradle-2.2.1/lib/plugins/core-3.1.1.jar
7f08724d1000-7f08724d2000 r--s 00006000 08:07 262413                     /opt/android-studio/gradle/gradle-2.2.1/lib/plugins/jetty-naming-6.1.25.jar
7f08724d2000-7f08724d3000 r--s 00002000 08:07 262342                     /opt/android-studio/gradle/gradle-2.2.1/lib/plugins/geronimo-annotation_1.0_spec-1.0.jar
7f08724d3000-7f08724d5000 r--s 00002000 08:07 262355                     /opt/android-studio/gradle/gradle-2.2.1/lib/plugins/jetty-annotations-6.1.25.jar
7f08724d5000-7f08724e6000 r--s 000ea000 08:07 262375                     /opt/android-studio/gradle/gradle-2.2.1/lib/plugins/jsp-2.1-6.1.14.jar
7f08724e6000-7f08724e8000 r--s 0000d000 08:07 262325                     /opt/android-studio/gradle/gradle-2.2.1/lib/plugins/jetty-plus-6.1.25.jar
7f08724e8000-7f08724ea000 r--s 0001f000 08:07 262347                     /opt/android-studio/gradle/gradle-2.2.1/lib/plugins/servlet-api-2.5-20081211.jar
7f08724ea000-7f08724ee000 r--s 00028000 08:07 262316                     /opt/android-studio/gradle/gradle-2.2.1/lib/plugins/jetty-util-6.1.25.jar
7f08724ee000-7f08724f5000 r--s 0007d000 08:07 262377                     /opt/android-studio/gradle/gradle-2.2.1/lib/plugins/jetty-6.1.25.jar
7f08724f5000-7f08724f7000 r--s 00009000 08:07 262336                     /opt/android-studio/gradle/gradle-2.2.1/lib/plugins/gradle-jetty-2.2.1.jar
7f08724f7000-7f08724fc000 r--s 00041000 08:07 262339                     /opt/android-studio/gradle/gradle-2.2.1/lib/plugins/gradle-code-quality-2.2.1.jar
7f08724fc000-7f08724fe000 r--s 00009000 08:07 262343                     /opt/android-studio/gradle/gradle-2.2.1/lib/plugins/hamcrest-core-1.3.jar
7f08724fe000-7f0872504000 r--s 00033000 08:07 262380                     /opt/android-studio/gradle/gradle-2.2.1/lib/plugins/snakeyaml-1.6.jar
7f0872504000-7f0872506000 r--s 00006000 08:07 262328                     /opt/android-studio/gradle/gradle-2.2.1/lib/plugins/jcommander-1.12.jar
7f0872506000-7f087250b000 r--s 00040000 08:07 262389                     /opt/android-studio/gradle/gradle-2.2.1/lib/plugins/bsh-2.0b4.jar
7f087250b000-7f087250d000 r--s 00009000 08:07 262320                     /opt/android-studio/gradle/gradle-2.2.1/lib/plugins/commons-cli-1.2.jar
7f087250d000-7f0872516000 r--s 00089000 08:07 262340                     /opt/android-studio/gradle/gradle-2.2.1/lib/plugins/testng-6.3.1.jar
7f0872516000-7f087251c000 r--s 00036000 08:07 262364                     /opt/android-studio/gradle/gradle-2.2.1/lib/plugins/junit-4.11.jar
7f087251c000-7f0872528000 r--s 00075000 08:07 262334                     /opt/android-studio/gradle/gradle-2.2.1/lib/plugins/gradle-plugins-2.2.1.jar
7f0872528000-7f087252b000 r--s 00011000 08:07 262317                     /opt/android-studio/gradle/gradle-2.2.1/lib/plugins/gradle-plugin-use-2.2.1.jar
7f087252b000-7f0872543000 r--s 00115000 08:07 262372                     /opt/android-studio/gradle/gradle-2.2.1/lib/plugins/xercesImpl-2.9.1.jar
7f0872543000-7f087254b000 r--s 00028000 08:07 262356                     /opt/android-studio/gradle/gradle-2.2.1/lib/plugins/xml-apis-1.3.04.jar
7f087254b000-7f0872551000 r--s 0005b000 08:07 262319                     /opt/android-studio/gradle/gradle-2.2.1/lib/plugins/jcifs-1.3.17.jar
7f0872551000-7f0872557000 r--s 00031000 08:07 262329                     /opt/android-studio/gradle/gradle-2.2.1/lib/plugins/httpcore-4.2.2.jar
7f0872557000-7f087255d000 r--s 00033000 08:07 262318                     /opt/android-studio/gradle/gradle-2.2.1/lib/plugins/commons-codec-1.6.jar
7f087255d000-7f0872560000 r--s 0001c000 08:07 262408                     /opt/android-studio/gradle/gradle-2.2.1/lib/plugins/nekohtml-1.9.14.jar
7f0872560000-7f0872569000 r--s 00060000 08:07 262341                     /opt/android-studio/gradle/gradle-2.2.1/lib/plugins/httpclient-4.2.2.jar
7f0872569000-7f087256b000 r--s 00007000 08:07 262398                     /opt/android-studio/gradle/gradle-2.2.1/lib/plugins/gradle-resources-http-2.2.1.jar
7f087256b000-7f0872593000 r--s 00194000 08:07 262354                     /opt/android-studio/gradle/gradle-2.2.1/lib/plugins/bcprov-jdk15-1.46.jar
7f0872593000-7f0872597000 r--s 0001d000 08:07 262395                     /opt/android-studio/gradle/gradle-2.2.1/lib/plugins/xbean-reflect-3.4.jar
7f0872597000-7f087259c000 r--s 0002a000 08:07 262405                     /opt/android-studio/gradle/gradle-2.2.1/lib/plugins/gson-2.2.4.jar
7f087259c000-7f08725a0000 r--s 0003d000 08:07 262360                     /opt/android-studio/gradle/gradle-2.2.1/lib/plugins/jsch-0.1.51.jar
7f08725a0000-7f08725b9000 r--s 00129000 08:07 262401                     /opt/android-studio/gradle/gradle-2.2.1/lib/plugins/maven-ant-tasks-2.1.3.jar
7f08725b9000-7f08725c8000 r--s 000d9000 08:07 262383                     /opt/android-studio/gradle/gradle-2.2.1/lib/plugins/ivy-2.2.0.jar
7f08725c8000-7f08725cc000 r--s 0001e000 08:07 262357                     /opt/android-studio/gradle/gradle-2.2.1/lib/plugins/jarjar-aether-impl-1.13.1.jar
7f08725cc000-7f08725cf000 r--s 00027000 08:07 262362                     /opt/android-studio/gradle/gradle-2.2.1/lib/plugins/jarjar-maven-model-3.0.4.jar
7f08725cf000-7f08725d2000 r--s 0000b000 08:07 262352                     /opt/android-studio/gradle/gradle-2.2.1/lib/plugins/jarjar-maven-artifact-3.0.4.jar
7f08725d2000-7f08725d6000 r--s 0001e000 08:07 262332                     /opt/android-studio/gradle/gradle-2.2.1/lib/plugins/jarjar-aether-util-1.13.1.jar
7f08725d6000-7f08725d8000 r--s 00007000 08:07 262406                     /opt/android-studio/gradle/gradle-2.2.1/lib/plugins/jarjar-wagon-http-shared4-2.4.jar
7f08725d8000-7f08725e5000 r--s 00083000 08:07 262331                     /opt/android-studio/gradle/gradle-2.2.1/lib/plugins/jarjar-maven-core-3.0.4.jar
7f08725e5000-7f08725e7000 r--s 00003000 08:07 262382                     /opt/android-studio/gradle/gradle-2.2.1/lib/plugins/jarjar-aether-spi-1.13.1.jar
7f08725e7000-7f08725e9000 r--s 00009000 08:07 262371                     /opt/android-studio/gradle/gradle-2.2.1/lib/plugins/jarjar-maven-settings-builder-3.0.4.jar
7f08725e9000-7f08725ed000 r--s 00014000 08:07 262346                     /opt/android-studio/gradle/gradle-2.2.1/lib/plugins/jarjar-aether-api-1.13.1.jar
7f08725ed000-7f08725ee000 r--s 00002000 08:07 262396                     /opt/android-studio/gradle/gradle-2.2.1/lib/plugins/jarjar-wagon-http-2.4.jar
7f08725ee000-7f08725f5000 r--s 00042000 08:07 262335                     /opt/android-studio/gradle/gradle-2.2.1/lib/plugins/jarjar-maven-compat-3.0.4.jar
7f08725f5000-7f08725f7000 r--s 00006000 08:07 262351                     /opt/android-studio/gradle/gradle-2.2.1/lib/plugins/jarjar-aether-connector-wagon-1.13.1.jar
7f08725f7000-7f08725f9000 r--s 00000000 08:07 262338                     /opt/android-studio/gradle/gradle-2.2.1/lib/plugins/jarjar-plexus-component-annotations-1.5.5.jar
7f08725f9000-7f08725fb000 r--s 00006000 08:07 262324                     /opt/android-studio/gradle/gradle-2.2.1/lib/plugins/jarjar-plexus-sec-dispatcher-1.3.jar
7f08725fb000-7f0872600000 r--s 00022000 08:07 262397                     /opt/android-studio/gradle/gradle-2.2.1/lib/plugins/jarjar-maven-model-builder-3.0.4.jar
7f0872600000-7f0872602000 r--s 0000b000 08:07 262366                     /opt/android-studio/gradle/gradle-2.2.1/lib/plugins/jarjar-maven-plugin-api-3.0.4.jar
7f0872602000-7f0872605000 r--s 0000a000 08:07 262321                     /opt/android-studio/gradle/gradle-2.2.1/lib/plugins/jarjar-plexus-classworlds-2.4.jar
7f0872605000-7f0872609000 r--s 00035000 08:07 262407                     /opt/android-studio/gradle/gradle-2.2.1/lib/plugins/jarjar-plexus-utils-2.0.6.jar
7f0872609000-7f087260b000 r--s 0000e000 08:07 262409                     /opt/android-studio/gradle/gradle-2.2.1/lib/plugins/jarjar-plexus-interpolation-1.14.jar
7f087260b000-7f087260d000 r--s 00002000 08:07 262358                     /opt/android-studio/gradle/gradle-2.2.1/lib/plugins/jarjar-plexus-cipher-1.7.jar
7f087260d000-7f087260f000 r--s 0000c000 08:07 262403                     /opt/android-studio/gradle/gradle-2.2.1/lib/plugins/jarjar-wagon-provider-api-2.4.jar
7f087260f000-7f0872611000 r--s 0000d000 08:07 262411                     /opt/android-studio/gradle/gradle-2.2.1/lib/plugins/jarjar-maven-aether-provider-3.0.4.jar
7f0872611000-7f0872619000 r--s 00031000 08:07 262378                     /opt/android-studio/gradle/gradle-2.2.1/lib/plugins/jarjar-plexus-container-default-1.5.5.jar
7f0872619000-7f087262a000 r-xp 00000000 08:07 1845385                    /usr/lib/jvm/java-7-openjdk-amd64/jre/lib/amd64/libnio.so
7f087262a000-7f0872829000 ---p 00011000 08:07 1845385                    /usr/lib/jvm/java-7-openjdk-amd64/jre/lib/amd64/libnio.so
7f0872829000-7f087282a000 r--p 00010000 08:07 1845385                    /usr/lib/jvm/java-7-openjdk-amd64/jre/lib/amd64/libnio.so
7f087282a000-7f087282b000 rw-p 00011000 08:07 1845385                    /usr/lib/jvm/java-7-openjdk-amd64/jre/lib/amd64/libnio.so
7f087282b000-7f087285c000 rw-p 00000000 00:00 0 
7f087285c000-7f08728c8000 r-xp 00000000 08:07 4067551                    /lib/x86_64-linux-gnu/libpcre.so.3.13.1
7f08728c8000-7f0872ac7000 ---p 0006c000 08:07 4067551                    /lib/x86_64-linux-gnu/libpcre.so.3.13.1
7f0872ac7000-7f0872ac8000 r--p 0006b000 08:07 4067551                    /lib/x86_64-linux-gnu/libpcre.so.3.13.1
7f0872ac8000-7f0872ac9000 rw-p 0006c000 08:07 4067551                    /lib/x86_64-linux-gnu/libpcre.so.3.13.1
7f0872ac9000-7f0872ad0000 r-xp 00000000 08:07 1712863                    /usr/lib/x86_64-linux-gnu/libffi.so.6.0.2
7f0872ad0000-7f0872ccf000 ---p 00007000 08:07 1712863                    /usr/lib/x86_64-linux-gnu/libffi.so.6.0.2
7f0872ccf000-7f0872cd0000 r--p 00006000 08:07 1712863                    /usr/lib/x86_64-linux-gnu/libffi.so.6.0.2
7f0872cd0000-7f0872cd1000 rw-p 00007000 08:07 1712863                    /usr/lib/x86_64-linux-gnu/libffi.so.6.0.2
7f0872cd1000-7f0872ce8000 r-xp 00000000 08:07 4063332                    /lib/x86_64-linux-gnu/libresolv-2.19.so
7f0872ce8000-7f0872ee8000 ---p 00017000 08:07 4063332                    /lib/x86_64-linux-gnu/libresolv-2.19.so
7f0872ee8000-7f0872ee9000 r--p 00017000 08:07 4063332                    /lib/x86_64-linux-gnu/libresolv-2.19.so
7f0872ee9000-7f0872eea000 rw-p 00018000 08:07 4063332                    /lib/x86_64-linux-gnu/libresolv-2.19.so
7f0872eea000-7f0872eec000 rw-p 00000000 00:00 0 
7f0872eec000-7f0872f0d000 r-xp 00000000 08:07 4067578                    /lib/x86_64-linux-gnu/libselinux.so.1
7f0872f0d000-7f087310c000 ---p 00021000 08:07 4067578                    /lib/x86_64-linux-gnu/libselinux.so.1
7f087310c000-7f087310d000 r--p 00020000 08:07 4067578                    /lib/x86_64-linux-gnu/libselinux.so.1
7f087310d000-7f087310e000 rw-p 00021000 08:07 4067578                    /lib/x86_64-linux-gnu/libselinux.so.1
7f087310e000-7f0873110000 rw-p 00000000 00:00 0 
7f0873110000-7f0873113000 r-xp 00000000 08:07 1712974                    /usr/lib/x86_64-linux-gnu/libgmodule-2.0.so.0.4200.0
7f0873113000-7f0873312000 ---p 00003000 08:07 1712974                    /usr/lib/x86_64-linux-gnu/libgmodule-2.0.so.0.4200.0
7f0873312000-7f0873313000 r--p 00002000 08:07 1712974                    /usr/lib/x86_64-linux-gnu/libgmodule-2.0.so.0.4200.0
7f0873313000-7f0873314000 rw-p 00003000 08:07 1712974                    /usr/lib/x86_64-linux-gnu/libgmodule-2.0.so.0.4200.0
7f0873314000-7f0873420000 r-xp 00000000 08:07 4067475                    /lib/x86_64-linux-gnu/libglib-2.0.so.0.4200.0
7f0873420000-7f0873620000 ---p 0010c000 08:07 4067475                    /lib/x86_64-linux-gnu/libglib-2.0.so.0.4200.0
7f0873620000-7f0873621000 r--p 0010c000 08:07 4067475                    /lib/x86_64-linux-gnu/libglib-2.0.so.0.4200.0
7f0873621000-7f0873622000 rw-p 0010d000 08:07 4067475                    /lib/x86_64-linux-gnu/libglib-2.0.so.0.4200.0
7f0873622000-7f0873623000 rw-p 00000000 00:00 0 
7f0873623000-7f0873673000 r-xp 00000000 08:07 1712988                    /usr/lib/x86_64-linux-gnu/libgobject-2.0.so.0.4200.0
7f0873673000-7f0873873000 ---p 00050000 08:07 1712988                    /usr/lib/x86_64-linux-gnu/libgobject-2.0.so.0.4200.0
7f0873873000-7f0873874000 r--p 00050000 08:07 1712988                    /usr/lib/x86_64-linux-gnu/libgobject-2.0.so.0.4200.0
7f0873874000-7f0873875000 rw-p 00051000 08:07 1712988                    /usr/lib/x86_64-linux-gnu/libgobject-2.0.so.0.4200.0
7f0873875000-7f08739e6000 r-xp 00000000 08:07 1712962                    /usr/lib/x86_64-linux-gnu/libgio-2.0.so.0.4200.0
7f08739e6000-7f0873be6000 ---p 00171000 08:07 1712962                    /usr/lib/x86_64-linux-gnu/libgio-2.0.so.0.4200.0
7f0873be6000-7f0873bea000 r--p 00171000 08:07 1712962                    /usr/lib/x86_64-linux-gnu/libgio-2.0.so.0.4200.0
7f0873bea000-7f0873bec000 rw-p 00175000 08:07 1712962                    /usr/lib/x86_64-linux-gnu/libgio-2.0.so.0.4200.0
7f0873bec000-7f0873bee000 rw-p 00000000 00:00 0 
7f0873bee000-7f0873bef000 r--s 00007000 08:07 262365                     /opt/android-studio/gradle/gradle-2.2.1/lib/plugins/jarjar-maven-repository-metadata-3.0.4.jar
7f0873bef000-7f0873bf0000 r--s 0000b000 08:07 262376                     /opt/android-studio/gradle/gradle-2.2.1/lib/plugins/jarjar-maven-settings-3.0.4.jar
7f0873bf0000-7f0873c08000 r--s 000b5000 08:07 262373                     /opt/android-studio/gradle/gradle-2.2.1/lib/plugins/gradle-dependency-management-2.2.1.jar
7f0873c08000-7f0873c1f000 r-xp 00000000 08:07 1845414                    /usr/lib/jvm/java-7-openjdk-amd64/jre/lib/amd64/libnet.so
7f0873c1f000-7f0873e1e000 ---p 00017000 08:07 1845414                    /usr/lib/jvm/java-7-openjdk-amd64/jre/lib/amd64/libnet.so
7f0873e1e000-7f0873e1f000 r--p 00016000 08:07 1845414                    /usr/lib/jvm/java-7-openjdk-amd64/jre/lib/amd64/libnet.so
7f0873e1f000-7f0873e20000 rw-p 00017000 08:07 1845414                    /usr/lib/jvm/java-7-openjdk-amd64/jre/lib/amd64/libnet.so
7f0873e20000-7f0873e21000 r--s 00005000 08:07 262292                     /opt/android-studio/gradle/gradle-2.2.1/lib/gradle-wrapper-2.2.1.jar
7f0873e21000-7f0873e2a000 r--s 0002c000 08:07 262297                     /opt/android-studio/gradle/gradle-2.2.1/lib/gradle-tooling-api-2.2.1.jar
7f0873e2a000-7f0873e2c000 r--s 00002000 08:07 262307                     /opt/android-studio/gradle/gradle-2.2.1/lib/gradle-open-api-2.2.1.jar
7f0873e2c000-7f0873e32000 r--s 00032000 08:07 262300                     /opt/android-studio/gradle/gradle-2.2.1/lib/jaxen-1.1.jar
7f0873e32000-7f0873e37000 r--s 00048000 08:07 262271                     /opt/android-studio/gradle/gradle-2.2.1/lib/dom4j-1.6.1.jar
7f0873e37000-7f0873e42000 r--s 00059000 08:07 262310                     /opt/android-studio/gradle/gradle-2.2.1/lib/gradle-ui-2.2.1.jar
7f0873e42000-7f0873e44000 r--s 00006000 08:07 262274                     /opt/android-studio/gradle/gradle-2.2.1/lib/gradle-resources-2.2.1.jar
7f0873e44000-7f0873e46000 r--s 00007000 08:07 262302                     /opt/android-studio/gradle/gradle-2.2.1/lib/objenesis-1.2.jar
7f0873e46000-7f0873e48000 r--s 00000000 08:07 262303                     /opt/android-studio/gradle/gradle-2.2.1/lib/minlog-1.2.jar
7f0873e48000-7f0873e4a000 r--s 0000f000 08:07 262308                     /opt/android-studio/gradle/gradle-2.2.1/lib/reflectasm-1.07-shaded.jar
7f0873e4a000-7f0873e4e000 r--s 00026000 08:07 262414                     /opt/android-studio/gradle/gradle-2.2.1/lib/kryo-2.20.jar
7f0873e4e000-7f0873e57000 r--s 00039000 08:07 262299                     /opt/android-studio/gradle/gradle-2.2.1/lib/gradle-messaging-2.2.1.jar
7f0873e57000-7f0873e58000 r--s 00003000 08:07 262312                     /opt/android-studio/gradle/gradle-2.2.1/lib/native-platform-freebsd-amd64-0.10.jar
7f0873e58000-7f0873e59000 r--s 00003000 08:07 262294                     /opt/android-studio/gradle/gradle-2.2.1/lib/native-platform-freebsd-i386-0.10.jar
7f0873e59000-7f0873e5a000 r--s 00005000 08:07 262298                     /opt/android-studio/gradle/gradle-2.2.1/lib/native-platform-windows-i386-0.10.jar
7f0873e5a000-7f0873e5b000 r--s 00005000 08:07 262267                     /opt/android-studio/gradle/gradle-2.2.1/lib/native-platform-windows-amd64-0.10.jar
7f0873e5b000-7f0873e5c000 r--s 00003000 08:07 262270                     /opt/android-studio/gradle/gradle-2.2.1/lib/native-platform-linux-i386-0.10.jar
7f0873e5c000-7f0873e5d000 r--s 00003000 08:07 262278                     /opt/android-studio/gradle/gradle-2.2.1/lib/native-platform-linux-amd64-0.10.jar
7f0873e5d000-7f0873e5e000 r--s 00002000 08:07 262415                     /opt/android-studio/gradle/gradle-2.2.1/lib/native-platform-osx-amd64-0.10.jar
7f0873e5e000-7f0873e5f000 r--s 00002000 08:07 262290                     /opt/android-studio/gradle/gradle-2.2.1/lib/native-platform-osx-i386-0.10.jar
7f0873e5f000-7f0873e61000 r--s 00008000 08:07 262289                     /opt/android-studio/gradle/gradle-2.2.1/lib/jansi-1.2.1.jar
7f0873e61000-7f0873e64000 r--s 0000d000 08:07 262304                     /opt/android-studio/gradle/gradle-2.2.1/lib/native-platform-0.10.jar
7f0873e64000-7f0873e68000 r--s 000e4000 08:07 262269                     /opt/android-studio/gradle/gradle-2.2.1/lib/jna-3.2.7.jar
7f0873e68000-7f0873e6a000 r--s 00008000 08:07 262288                     /opt/android-studio/gradle/gradle-2.2.1/lib/gradle-native-2.2.1.jar
7f0873e6a000-7f0873e6c000 r--s 00005000 08:07 262311                     /opt/android-studio/gradle/gradle-2.2.1/lib/gradle-cli-2.2.1.jar
7f0873e6c000-7f0873e6e000 r--s 00003000 08:07 262276                     /opt/android-studio/gradle/gradle-2.2.1/lib/gradle-base-services-groovy-2.2.1.jar
7f0873e6e000-7f0873e70000 r--s 0000a000 08:07 262284                     /opt/android-studio/gradle/gradle-2.2.1/lib/gradle-model-groovy-2.2.1.jar
7f0873e70000-7f0873e74000 r--s 0001b000 08:07 262280                     /opt/android-studio/gradle/gradle-2.2.1/lib/gradle-model-core-2.2.1.jar
7f0873e74000-7f0873e76000 r--s 00003000 08:07 262277                     /opt/android-studio/gradle/gradle-2.2.1/lib/jcl-over-slf4j-1.7.7.jar
7f0873e76000-7f0873e7c000 r--s 0003b000 08:07 262273                     /opt/android-studio/gradle/gradle-2.2.1/lib/logback-classic-1.0.13.jar
7f0873e7c000-7f0873e86000 r--s 0005d000 08:07 262283                     /opt/android-studio/gradle/gradle-2.2.1/lib/logback-core-1.0.13.jar
7f0873e86000-7f0873e94000 r--s 0007f000 08:07 262306                     /opt/android-studio/gradle/gradle-2.2.1/lib/commons-collections-3.2.1.jar
7f0873e94000-7f0873eff000 r--s 00685000 08:07 262268                     /opt/android-studio/gradle/gradle-2.2.1/lib/groovy-all-2.3.6.jar
7f0873eff000-7f0873f00000 ---p 00000000 00:00 0 
7f0873f00000-7f0874000000 rw-p 00000000 00:00 0                          [stack:9808]
7f0874000000-7f0875524000 rw-p 00000000 00:00 0 
7f0875524000-7f0878000000 ---p 00000000 00:00 0 
7f0878000000-7f0878f59000 rw-p 00000000 00:00 0 
7f0878f59000-7f087c000000 ---p 00000000 00:00 0 
7f087c000000-7f087c021000 rw-p 00000000 00:00 0 
7f087c021000-7f0880000000 ---p 00000000 00:00 0 
7f0880000000-7f0880021000 rw-p 00000000 00:00 0 
7f0880021000-7f0884000000 ---p 00000000 00:00 0 
7f0884000000-7f088423e000 rw-p 00000000 00:00 0 
7f088423e000-7f0888000000 ---p 00000000 00:00 0 
7f0888000000-7f0888021000 rw-p 00000000 00:00 0 
7f0888021000-7f088c000000 ---p 00000000 00:00 0 
7f088c000000-7f088c026000 rw-p 00000000 00:00 0 
7f088c026000-7f0890000000 ---p 00000000 00:00 0 
7f0890000000-7f0890021000 rw-p 00000000 00:00 0 
7f0890021000-7f0894000000 ---p 00000000 00:00 0 
7f0894000000-7f0894021000 rw-p 00000000 00:00 0 
7f0894021000-7f0898000000 ---p 00000000 00:00 0 
7f0898000000-7f0898003000 r--s 0001b000 08:07 262279                     /opt/android-studio/gradle/gradle-2.2.1/lib/jarjar-1.3.jar
7f0898003000-7f089802b000 r--s 001cf000 08:07 262286                     /opt/android-studio/gradle/gradle-2.2.1/lib/guava-jdk5-17.0.jar
7f089802b000-7f089804a000 r--s 001cc000 08:07 262275                     /opt/android-studio/gradle/gradle-2.2.1/lib/ant-1.9.3.jar
7f089804a000-7f089807b000 r--s 00191000 08:07 262281                     /opt/android-studio/gradle/gradle-2.2.1/lib/gradle-core-2.2.1.jar
7f089807b000-7f089807e000 ---p 00000000 00:00 0 
7f089807e000-7f089817c000 rw-p 00000000 00:00 0                          [stack:9807]
7f089817c000-7f089817f000 ---p 00000000 00:00 0 
7f089817f000-7f089827d000 rw-p 00000000 00:00 0                          [stack:9806]
7f089827d000-7f0898280000 ---p 00000000 00:00 0 
7f0898280000-7f089837e000 rw-p 00000000 00:00 0                          [stack:9805]
7f089837e000-7f0898381000 ---p 00000000 00:00 0 
7f0898381000-7f089847f000 rw-p 00000000 00:00 0                          [stack:9804]
7f089847f000-7f0898c92000 r--p 00000000 08:07 1711550                    /usr/lib/locale/locale-archive
7f0898c92000-7f0898c95000 ---p 00000000 00:00 0 
7f0898c95000-7f0898d93000 rw-p 00000000 00:00 0                          [stack:9790]
7f0898d93000-7f0898d96000 ---p 00000000 00:00 0 
7f0898d96000-7f0898e94000 rw-p 00000000 00:00 0                          [stack:9789]
7f0898e94000-7f0898e95000 ---p 00000000 00:00 0 
7f0898e95000-7f089c000000 rw-p 00000000 00:00 0                          [stack:9788]
7f089c000000-7f089c021000 rw-p 00000000 00:00 0 
7f089c021000-7f08a0000000 ---p 00000000 00:00 0 
7f08a0000000-7f08a0001000 r--s 00000000 08:07 262293                     /opt/android-studio/gradle/gradle-2.2.1/lib/gradle-docs-2.2.1.jar
7f08a0001000-7f08a0002000 r--s 00005000 08:07 262305                     /opt/android-studio/gradle/gradle-2.2.1/lib/log4j-over-slf4j-1.7.7.jar
7f08a0002000-7f08a0004000 r--s 00000000 08:07 262301                     /opt/android-studio/gradle/gradle-2.2.1/lib/jul-to-slf4j-1.7.7.jar
7f08a0004000-7f08a0009000 r--s 00041000 08:07 262272                     /opt/android-studio/gradle/gradle-2.2.1/lib/commons-lang-2.6.jar
7f08a0009000-7f08a000c000 r--s 00018000 08:07 262313                     /opt/android-studio/gradle/gradle-2.2.1/lib/commons-io-1.4.jar
7f08a000c000-7f08a0755000 rw-p 00000000 00:00 0 
7f08a0755000-7f08a0906000 r--s 01d27000 08:07 1845421                    /usr/lib/jvm/java-7-openjdk-amd64/jre/lib/rt.jar
7f08a0906000-7f08a0bfc000 rw-p 00000000 00:00 0 
7f08a0bfc000-7f08a0bfd000 ---p 00000000 00:00 0 
7f08a0bfd000-7f08a0cfd000 rw-p 00000000 00:00 0                          [stack:9787]
7f08a0cfd000-7f08a0cfe000 ---p 00000000 00:00 0 
7f08a0cfe000-7f08a0dfe000 rw-p 00000000 00:00 0                          [stack:9786]
7f08a0dfe000-7f08a0dff000 ---p 00000000 00:00 0 
7f08a0dff000-7f08a0eff000 rw-p 00000000 00:00 0                          [stack:9785]
7f08a0eff000-7f08a0f00000 ---p 00000000 00:00 0 
7f08a0f00000-7f08a1000000 rw-p 00000000 00:00 0                          [stack:9784]
7f08a1000000-7f08a1340000 rwxp 00000000 00:00 0 
7f08a1340000-7f08a49f9000 rw-p 00000000 00:00 0 
7f08a49f9000-7f08a8000000 ---p 00000000 00:00 0 
7f08a8000000-7f08a8001000 r--s 00000000 08:07 262296                     /opt/android-studio/gradle/gradle-2.2.1/lib/javax.inject-1.jar
7f08a8001000-7f08a8002000 r--s 00000000 08:07 262287                     /opt/android-studio/gradle/gradle-2.2.1/lib/jcip-annotations-1.0.jar
7f08a8002000-7f08a8007000 r--s 00036000 08:07 262295                     /opt/android-studio/gradle/gradle-2.2.1/lib/asm-all-5.0.3.jar
7f08a8007000-7f08a8009000 r--s 00006000 08:07 262282                     /opt/android-studio/gradle/gradle-2.2.1/lib/slf4j-api-1.7.7.jar
7f08a8009000-7f08a800f000 r--s 00026000 08:07 262291                     /opt/android-studio/gradle/gradle-2.2.1/lib/gradle-base-services-2.2.1.jar
7f08a800f000-7f08a8017000 r--s 0003c000 08:07 262309                     /opt/android-studio/gradle/gradle-2.2.1/lib/gradle-launcher-2.2.1.jar
7f08a8017000-7f08a80f5000 rw-p 00000000 00:00 0 
7f08a80f5000-7f08a8163000 rw-p 00000000 00:00 0 
7f08a8163000-7f08a8177000 rw-p 00000000 00:00 0 
7f08a8177000-7f08a82b9000 rw-p 00000000 00:00 0 
7f08a82b9000-7f08a82cb000 rw-p 00000000 00:00 0 
7f08a82cb000-7f08a8339000 rw-p 00000000 00:00 0 
7f08a8339000-7f08a834d000 rw-p 00000000 00:00 0 
7f08a834d000-7f08a848e000 rw-p 00000000 00:00 0 
7f08a848e000-7f08a84d7000 rw-p 00000000 00:00 0 
7f08a84d7000-7f08a8539000 rw-p 00000000 00:00 0 
7f08a8539000-7f08a853a000 rw-p 00000000 00:00 0 
7f08a853a000-7f08a8542000 r-xp 00000000 08:07 1845387                    /usr/lib/jvm/java-7-openjdk-amd64/jre/lib/amd64/libzip.so
7f08a8542000-7f08a8741000 ---p 00008000 08:07 1845387                    /usr/lib/jvm/java-7-openjdk-amd64/jre/lib/amd64/libzip.so
7f08a8741000-7f08a8742000 r--p 00007000 08:07 1845387                    /usr/lib/jvm/java-7-openjdk-amd64/jre/lib/amd64/libzip.so
7f08a8742000-7f08a8743000 rw-p 00008000 08:07 1845387                    /usr/lib/jvm/java-7-openjdk-amd64/jre/lib/amd64/libzip.so
7f08a8743000-7f08a874e000 r-xp 00000000 08:07 4063337                    /lib/x86_64-linux-gnu/libnss_files-2.19.so
7f08a874e000-7f08a894d000 ---p 0000b000 08:07 4063337                    /lib/x86_64-linux-gnu/libnss_files-2.19.so
7f08a894d000-7f08a894e000 r--p 0000a000 08:07 4063337                    /lib/x86_64-linux-gnu/libnss_files-2.19.so
7f08a894e000-7f08a894f000 rw-p 0000b000 08:07 4063337                    /lib/x86_64-linux-gnu/libnss_files-2.19.so
7f08a894f000-7f08a895a000 r-xp 00000000 08:07 4067412                    /lib/x86_64-linux-gnu/libnss_nis-2.19.so
7f08a895a000-7f08a8b59000 ---p 0000b000 08:07 4067412                    /lib/x86_64-linux-gnu/libnss_nis-2.19.so
7f08a8b59000-7f08a8b5a000 r--p 0000a000 08:07 4067412                    /lib/x86_64-linux-gnu/libnss_nis-2.19.so
7f08a8b5a000-7f08a8b5b000 rw-p 0000b000 08:07 4067412                    /lib/x86_64-linux-gnu/libnss_nis-2.19.so
7f08a8b5b000-7f08a8b72000 r-xp 00000000 08:07 4063323                    /lib/x86_64-linux-gnu/libnsl-2.19.so
7f08a8b72000-7f08a8d71000 ---p 00017000 08:07 4063323                    /lib/x86_64-linux-gnu/libnsl-2.19.so
7f08a8d71000-7f08a8d72000 r--p 00016000 08:07 4063323                    /lib/x86_64-linux-gnu/libnsl-2.19.so
7f08a8d72000-7f08a8d73000 rw-p 00017000 08:07 4063323                    /lib/x86_64-linux-gnu/libnsl-2.19.so
7f08a8d73000-7f08a8d75000 rw-p 00000000 00:00 0 
7f08a8d75000-7f08a8d7e000 r-xp 00000000 08:07 4063324                    /lib/x86_64-linux-gnu/libnss_compat-2.19.so
7f08a8d7e000-7f08a8f7d000 ---p 00009000 08:07 4063324                    /lib/x86_64-linux-gnu/libnss_compat-2.19.so
7f08a8f7d000-7f08a8f7e000 r--p 00008000 08:07 4063324                    /lib/x86_64-linux-gnu/libnss_compat-2.19.so
7f08a8f7e000-7f08a8f7f000 rw-p 00009000 08:07 4063324                    /lib/x86_64-linux-gnu/libnss_compat-2.19.so
7f08a8f7f000-7f08a8fac000 r-xp 00000000 08:07 1845397                    /usr/lib/jvm/java-7-openjdk-amd64/jre/lib/amd64/libjava.so
7f08a8fac000-7f08a91ab000 ---p 0002d000 08:07 1845397                    /usr/lib/jvm/java-7-openjdk-amd64/jre/lib/amd64/libjava.so
7f08a91ab000-7f08a91ac000 r--p 0002c000 08:07 1845397                    /usr/lib/jvm/java-7-openjdk-amd64/jre/lib/amd64/libjava.so
7f08a91ac000-7f08a91ae000 rw-p 0002d000 08:07 1845397                    /usr/lib/jvm/java-7-openjdk-amd64/jre/lib/amd64/libjava.so
7f08a91ae000-7f08a91bf000 r-xp 00000000 08:07 1845400                    /usr/lib/jvm/java-7-openjdk-amd64/jre/lib/amd64/libverify.so
7f08a91bf000-7f08a93be000 ---p 00011000 08:07 1845400                    /usr/lib/jvm/java-7-openjdk-amd64/jre/lib/amd64/libverify.so
7f08a93be000-7f08a93c0000 r--p 00010000 08:07 1845400                    /usr/lib/jvm/java-7-openjdk-amd64/jre/lib/amd64/libverify.so
7f08a93c0000-7f08a93c1000 rw-p 00012000 08:07 1845400                    /usr/lib/jvm/java-7-openjdk-amd64/jre/lib/amd64/libverify.so
7f08a93c1000-7f08a93c8000 r-xp 00000000 08:07 4067457                    /lib/x86_64-linux-gnu/librt-2.19.so
7f08a93c8000-7f08a95c7000 ---p 00007000 08:07 4067457                    /lib/x86_64-linux-gnu/librt-2.19.so
7f08a95c7000-7f08a95c8000 r--p 00006000 08:07 4067457                    /lib/x86_64-linux-gnu/librt-2.19.so
7f08a95c8000-7f08a95c9000 rw-p 00007000 08:07 4067457                    /lib/x86_64-linux-gnu/librt-2.19.so
7f08a95c9000-7f08a95df000 r-xp 00000000 08:07 4067469                    /lib/x86_64-linux-gnu/libgcc_s.so.1
7f08a95df000-7f08a97de000 ---p 00016000 08:07 4067469                    /lib/x86_64-linux-gnu/libgcc_s.so.1
7f08a97de000-7f08a97df000 r--p 00015000 08:07 4067469                    /lib/x86_64-linux-gnu/libgcc_s.so.1
7f08a97df000-7f08a97e0000 rw-p 00016000 08:07 4067469                    /lib/x86_64-linux-gnu/libgcc_s.so.1
7f08a97e0000-7f08a98e5000 r-xp 00000000 08:07 4063247                    /lib/x86_64-linux-gnu/libm-2.19.so
7f08a98e5000-7f08a9ae4000 ---p 00105000 08:07 4063247                    /lib/x86_64-linux-gnu/libm-2.19.so
7f08a9ae4000-7f08a9ae5000 r--p 00104000 08:07 4063247                    /lib/x86_64-linux-gnu/libm-2.19.so
7f08a9ae5000-7f08a9ae6000 rw-p 00105000 08:07 4063247                    /lib/x86_64-linux-gnu/libm-2.19.so
7f08a9ae6000-7f08a9bd6000 r-xp 00000000 08:07 1713515                    /usr/lib/x86_64-linux-gnu/libstdc++.so.6.0.20
7f08a9bd6000-7f08a9dd6000 ---p 000f0000 08:07 1713515                    /usr/lib/x86_64-linux-gnu/libstdc++.so.6.0.20
7f08a9dd6000-7f08a9dde000 r--p 000f0000 08:07 1713515                    /usr/lib/x86_64-linux-gnu/libstdc++.so.6.0.20
7f08a9dde000-7f08a9de0000 rw-p 000f8000 08:07 1713515                    /usr/lib/x86_64-linux-gnu/libstdc++.so.6.0.20
7f08a9de0000-7f08a9df5000 rw-p 00000000 00:00 0 
7f08a9df5000-7f08aa945000 r-xp 00000000 08:07 1845412                    /usr/lib/jvm/java-7-openjdk-amd64/jre/lib/amd64/server/libjvm.so
7f08aa945000-7f08aab44000 ---p 00b50000 08:07 1845412                    /usr/lib/jvm/java-7-openjdk-amd64/jre/lib/amd64/server/libjvm.so
7f08aab44000-7f08aabe3000 r--p 00b4f000 08:07 1845412                    /usr/lib/jvm/java-7-openjdk-amd64/jre/lib/amd64/server/libjvm.so
7f08aabe3000-7f08aac06000 rw-p 00bee000 08:07 1845412                    /usr/lib/jvm/java-7-openjdk-amd64/jre/lib/amd64/server/libjvm.so
7f08aac06000-7f08aac33000 rw-p 00000000 00:00 0 
7f08aac33000-7f08aac4b000 r-xp 00000000 08:07 4067613                    /lib/x86_64-linux-gnu/libz.so.1.2.8
7f08aac4b000-7f08aae4a000 ---p 00018000 08:07 4067613                    /lib/x86_64-linux-gnu/libz.so.1.2.8
7f08aae4a000-7f08aae4b000 r--p 00017000 08:07 4067613                    /lib/x86_64-linux-gnu/libz.so.1.2.8
7f08aae4b000-7f08aae4c000 rw-p 00018000 08:07 4067613                    /lib/x86_64-linux-gnu/libz.so.1.2.8
7f08aae4c000-7f08aae65000 r-xp 00000000 08:07 4063327                    /lib/x86_64-linux-gnu/libpthread-2.19.so
7f08aae65000-7f08ab064000 ---p 00019000 08:07 4063327                    /lib/x86_64-linux-gnu/libpthread-2.19.so
7f08ab064000-7f08ab065000 r--p 00018000 08:07 4063327                    /lib/x86_64-linux-gnu/libpthread-2.19.so
7f08ab065000-7f08ab066000 rw-p 00019000 08:07 4063327                    /lib/x86_64-linux-gnu/libpthread-2.19.so
7f08ab066000-7f08ab06a000 rw-p 00000000 00:00 0 
7f08ab06a000-7f08ab06d000 r-xp 00000000 08:07 4063326                    /lib/x86_64-linux-gnu/libdl-2.19.so
7f08ab06d000-7f08ab26c000 ---p 00003000 08:07 4063326                    /lib/x86_64-linux-gnu/libdl-2.19.so
7f08ab26c000-7f08ab26d000 r--p 00002000 08:07 4063326                    /lib/x86_64-linux-gnu/libdl-2.19.so
7f08ab26d000-7f08ab26e000 rw-p 00003000 08:07 4063326                    /lib/x86_64-linux-gnu/libdl-2.19.so
7f08ab26e000-7f08ab428000 r-xp 00000000 08:07 4067341                    /lib/x86_64-linux-gnu/libc-2.19.so
7f08ab428000-7f08ab627000 ---p 001ba000 08:07 4067341                    /lib/x86_64-linux-gnu/libc-2.19.so
7f08ab627000-7f08ab62b000 r--p 001b9000 08:07 4067341                    /lib/x86_64-linux-gnu/libc-2.19.so
7f08ab62b000-7f08ab62d000 rw-p 001bd000 08:07 4067341                    /lib/x86_64-linux-gnu/libc-2.19.so
7f08ab62d000-7f08ab632000 rw-p 00000000 00:00 0 
7f08ab632000-7f08ab63f000 r-xp 00000000 08:07 1845405                    /usr/lib/jvm/java-7-openjdk-amd64/jre/lib/amd64/jli/libjli.so
7f08ab63f000-7f08ab83e000 ---p 0000d000 08:07 1845405                    /usr/lib/jvm/java-7-openjdk-amd64/jre/lib/amd64/jli/libjli.so
7f08ab83e000-7f08ab83f000 r--p 0000c000 08:07 1845405                    /usr/lib/jvm/java-7-openjdk-amd64/jre/lib/amd64/jli/libjli.so
7f08ab83f000-7f08ab840000 rw-p 0000d000 08:07 1845405                    /usr/lib/jvm/java-7-openjdk-amd64/jre/lib/amd64/jli/libjli.so
7f08ab840000-7f08ab863000 r-xp 00000000 08:07 4063333                    /lib/x86_64-linux-gnu/ld-2.19.so
7f08ab863000-7f08ab867000 r--s 0003c000 08:07 1845436                    /usr/lib/jvm/java-7-openjdk-amd64/jre/lib/ext/sunpkcs11.jar
7f08ab867000-7f08ab88d000 rw-p 00000000 00:00 0 
7f08ab88d000-7f08ab940000 rw-p 00000000 00:00 0 
7f08ab940000-7f08ab943000 ---p 00000000 00:00 0 
7f08ab943000-7f08aba46000 rw-p 00000000 00:00 0                          [stack:9781]
7f08aba46000-7f08aba47000 r--s 00004000 08:07 262285                     /opt/android-studio/gradle/gradle-2.2.1/lib/ant-launcher-1.9.3.jar
7f08aba47000-7f08aba49000 r--s 00006000 08:07 2104005                    /usr/share/java/java-atk-wrapper.jar
7f08aba49000-7f08aba4d000 r--s 00034000 08:07 1845440                    /usr/lib/jvm/java-7-openjdk-amd64/jre/lib/ext/sunjce_provider.jar
7f08aba4d000-7f08aba4f000 r--s 00012000 08:07 1845437                    /usr/lib/jvm/java-7-openjdk-amd64/jre/lib/ext/zipfs.jar
7f08aba4f000-7f08aba50000 r--s 00002000 08:07 1845439                    /usr/lib/jvm/java-7-openjdk-amd64/jre/lib/ext/dnsns.jar
7f08aba50000-7f08aba53000 r--s 00086000 08:07 1845441                    /usr/lib/jvm/java-7-openjdk-amd64/jre/lib/ext/localedata.jar
7f08aba53000-7f08aba56000 r--s 0000f000 08:07 1845438                    /usr/lib/jvm/java-7-openjdk-amd64/jre/lib/ext/icedtea-sound.jar
7f08aba56000-7f08aba5e000 rw-s 00000000 08:07 4205994                    /tmp/hsperfdata_faith/9779
7f08aba5e000-7f08aba5f000 rw-p 00000000 00:00 0 
7f08aba5f000-7f08aba60000 ---p 00000000 00:00 0 
7f08aba60000-7f08aba62000 rw-p 00000000 00:00 0 
7f08aba62000-7f08aba63000 r--p 00022000 08:07 4063333                    /lib/x86_64-linux-gnu/ld-2.19.so
7f08aba63000-7f08aba64000 rw-p 00023000 08:07 4063333                    /lib/x86_64-linux-gnu/ld-2.19.so
7f08aba64000-7f08aba65000 rw-p 00000000 00:00 0 
7fffea62c000-7fffea64d000 rw-p 00000000 00:00 0                          [stack]
7fffea7fc000-7fffea7fe000 r-xp 00000000 00:00 0                          [vdso]
7fffea7fe000-7fffea800000 r--p 00000000 00:00 0                          [vvar]
ffffffffff600000-ffffffffff601000 r-xp 00000000 00:00 0                  [vsyscall]

VM Arguments:
jvm_args: -XX:MaxPermSize=256m -XX:+HeapDumpOnOutOfMemoryError -Xmx1024m -Dfile.encoding=UTF-8 -Duser.country=US -Duser.language=en -Duser.variant 
java_command: org.gradle.launcher.daemon.bootstrap.GradleDaemon 2.2.1 /home/faith/.gradle/daemon 10800000 4ca92f00-da60-438e-ac95-3cb0e70d7a37 -XX:MaxPermSize=256m -XX:+HeapDumpOnOutOfMemoryError -Xmx1024m -Dfile.encoding=UTF-8 -Duser.country=US -Duser.language=en -Duser.variant
Launcher Type: SUN_STANDARD

Environment Variables:
PATH=/usr/local/sbin:/usr/local/bin:/usr/sbin:/usr/bin:/sbin:/bin:/usr/games:/usr/local/games
LD_LIBRARY_PATH=/opt/android-studio/bin:
SHELL=/bin/zsh
DISPLAY=:0

Signal Handlers:
SIGSEGV: [libjvm.so+0x983740], sa_mask[0]=0x7ffbfeff, sa_flags=0x10000004
SIGBUS: [libjvm.so+0x983740], sa_mask[0]=0x7ffbfeff, sa_flags=0x10000004
SIGFPE: [libjvm.so+0x7f0180], sa_mask[0]=0x7ffbfeff, sa_flags=0x10000004
SIGPIPE: [libjvm.so+0x7f0180], sa_mask[0]=0x7ffbfeff, sa_flags=0x10000004
SIGXFSZ: [libjvm.so+0x7f0180], sa_mask[0]=0x7ffbfeff, sa_flags=0x10000004
SIGILL: [libjvm.so+0x7f0180], sa_mask[0]=0x7ffbfeff, sa_flags=0x10000004
SIGUSR1: SIG_DFL, sa_mask[0]=0x00000000, sa_flags=0x00000000
SIGUSR2: [libjvm.so+0x7f0000], sa_mask[0]=0x00000004, sa_flags=0x10000004
SIGHUP: [libjvm.so+0x7f0200], sa_mask[0]=0x7ffbfeff, sa_flags=0x10000004
SIGINT: [libjvm.so+0x7f0200], sa_mask[0]=0x7ffbfeff, sa_flags=0x10000004
SIGTERM: [libjvm.so+0x7f0200], sa_mask[0]=0x7ffbfeff, sa_flags=0x10000004
SIGQUIT: [libjvm.so+0x7f0200], sa_mask[0]=0x7ffbfeff, sa_flags=0x10000004
SIGTRAP: SIG_DFL, sa_mask[0]=0x00000000, sa_flags=0x00000000


---------------  S Y S T E M  ---------------

OS:Ubuntu 14.10 (utopic)
uname:Linux 3.16.0-23-generic #31-Ubuntu SMP Tue Oct 21 17:56:17 UTC 2014 x86_64
libc:glibc 2.19 NPTL 2.19 
rlimit: STACK 8192k, CORE 0k, NPROC 14920, NOFILE 4096, AS infinity
load average:1.89 1.15 1.16

/proc/meminfo:
MemTotal:        3841900 kB
MemFree:          118828 kB
MemAvailable:      97340 kB
Buffers:            7488 kB
Cached:           268840 kB
SwapCached:        16764 kB
Active:          2542732 kB
Inactive:         970916 kB
Active(anon):    2498432 kB
Inactive(anon):   929748 kB
Active(file):      44300 kB
Inactive(file):    41168 kB
Unevictable:         128 kB
Mlocked:             128 kB
SwapTotal:       1032188 kB
SwapFree:              0 kB
Dirty:               164 kB
Writeback:             0 kB
AnonPages:       3221344 kB
Mapped:           112496 kB
Shmem:            190576 kB
Slab:              78716 kB
SReclaimable:      40480 kB
SUnreclaim:        38236 kB
KernelStack:       12480 kB
PageTables:        62608 kB
NFS_Unstable:          0 kB
Bounce:                0 kB
WritebackTmp:          0 kB
CommitLimit:     2953136 kB
Committed_AS:   11152252 kB
VmallocTotal:   34359738367 kB
VmallocUsed:      349296 kB
VmallocChunk:   34359379420 kB
HardwareCorrupted:     0 kB
AnonHugePages:    667648 kB
HugePages_Total:       0
HugePages_Free:        0
HugePages_Rsvd:        0
HugePages_Surp:        0
Hugepagesize:       2048 kB
DirectMap4k:       79448 kB
DirectMap2M:     3907584 kB


CPU:total 4 (2 cores per cpu, 2 threads per core) family 6 model 37 stepping 5, cmov, cx8, fxsr, mmx, sse, sse2, sse3, ssse3, sse4.1, sse4.2, popcnt, ht, tsc, tscinvbit

/proc/cpuinfo:
processor	: 0
vendor_id	: GenuineIntel
cpu family	: 6
model		: 37
model name	: Intel(R) Core(TM) i3 CPU       M 370  @ 2.40GHz
stepping	: 5
microcode	: 0x2
cpu MHz		: 1466.000
cache size	: 3072 KB
physical id	: 0
siblings	: 4
core id		: 0
cpu cores	: 2
apicid		: 0
initial apicid	: 0
fpu		: yes
fpu_exception	: yes
cpuid level	: 11
wp		: yes
flags		: fpu vme de pse tsc msr pae mce cx8 apic sep mtrr pge mca cmov pat pse36 clflush dts acpi mmx fxsr sse sse2 ss ht tm pbe syscall nx rdtscp lm constant_tsc arch_perfmon pebs bts rep_good nopl xtopology nonstop_tsc aperfmperf pni dtes64 monitor ds_cpl vmx est tm2 ssse3 cx16 xtpr pdcm pcid sse4_1 sse4_2 popcnt lahf_lm arat dtherm tpr_shadow vnmi flexpriority ept vpid
bogomips	: 4931.54
clflush size	: 64
cache_alignment	: 64
address sizes	: 36 bits physical, 48 bits virtual
power management:

processor	: 1
vendor_id	: GenuineIntel
cpu family	: 6
model		: 37
model name	: Intel(R) Core(TM) i3 CPU       M 370  @ 2.40GHz
stepping	: 5
microcode	: 0x2
cpu MHz		: 2399.000
cache size	: 3072 KB
physical id	: 0
siblings	: 4
core id		: 2
cpu cores	: 2
apicid		: 4
initial apicid	: 4
fpu		: yes
fpu_exception	: yes
cpuid level	: 11
wp		: yes
flags		: fpu vme de pse tsc msr pae mce cx8 apic sep mtrr pge mca cmov pat pse36 clflush dts acpi mmx fxsr sse sse2 ss ht tm pbe syscall nx rdtscp lm constant_tsc arch_perfmon pebs bts rep_good nopl xtopology nonstop_tsc aperfmperf pni dtes64 monitor ds_cpl vmx est tm2 ssse3 cx16 xtpr pdcm pcid sse4_1 sse4_2 popcnt lahf_lm arat dtherm tpr_shadow vnmi flexpriority ept vpid
bogomips	: 4931.54
clflush size	: 64
cache_alignment	: 64
address sizes	: 36 bits physical, 48 bits virtual
power management:

processor	: 2
vendor_id	: GenuineIntel
cpu family	: 6
model		: 37
model name	: Intel(R) Core(TM) i3 CPU       M 370  @ 2.40GHz
stepping	: 5
microcode	: 0x2
cpu MHz		: 2399.000
cache size	: 3072 KB
physical id	: 0
siblings	: 4
core id		: 0
cpu cores	: 2
apicid		: 1
initial apicid	: 1
fpu		: yes
fpu_exception	: yes
cpuid level	: 11
wp		: yes
flags		: fpu vme de pse tsc msr pae mce cx8 apic sep mtrr pge mca cmov pat pse36 clflush dts acpi mmx fxsr sse sse2 ss ht tm pbe syscall nx rdtscp lm constant_tsc arch_perfmon pebs bts rep_good nopl xtopology nonstop_tsc aperfmperf pni dtes64 monitor ds_cpl vmx est tm2 ssse3 cx16 xtpr pdcm pcid sse4_1 sse4_2 popcnt lahf_lm arat dtherm tpr_shadow vnmi flexpriority ept vpid
bogomips	: 4931.54
clflush size	: 64
cache_alignment	: 64
address sizes	: 36 bits physical, 48 bits virtual
power management:

processor	: 3
vendor_id	: GenuineIntel
cpu family	: 6
model		: 37
model name	: Intel(R) Core(TM) i3 CPU       M 370  @ 2.40GHz
stepping	: 5
microcode	: 0x2
cpu MHz		: 2399.000
cache size	: 3072 KB
physical id	: 0
siblings	: 4
core id		: 2
cpu cores	: 2
apicid		: 5
initial apicid	: 5
fpu		: yes
fpu_exception	: yes
cpuid level	: 11
wp		: yes
flags		: fpu vme de pse tsc msr pae mce cx8 apic sep mtrr pge mca cmov pat pse36 clflush dts acpi mmx fxsr sse sse2 ss ht tm pbe syscall nx rdtscp lm constant_tsc arch_perfmon pebs bts rep_good nopl xtopology nonstop_tsc aperfmperf pni dtes64 monitor ds_cpl vmx est tm2 ssse3 cx16 xtpr pdcm pcid sse4_1 sse4_2 popcnt lahf_lm arat dtherm tpr_shadow vnmi flexpriority ept vpid
bogomips	: 4931.54
clflush size	: 64
cache_alignment	: 64
address sizes	: 36 bits physical, 48 bits virtual
power management:



Memory: 4k page, physical 3841900k(118828k free), swap 1032188k(0k free)

vm_info: OpenJDK 64-Bit Server VM (24.79-b02) for linux-amd64 JRE (1.7.0_79-b14), built on Apr 16 2015 08:25:58 by "buildd" with gcc 4.9.1

time: Mon May 25 15:48:50 2015
elapsed time: 26 seconds

